Inicio de monitoreo en /home/Vmoon/Laboratorio-2/
Inicio de monitoreo en /home/Vmoon/Laboratorio-2/
Inicio de monitoreo en /home/Vmoon/Laboratorio-2/
2025-04-02 - Cambio detectado: /home/Vmoon/Laboratorio-2/.ejercicio3.sh.swp CREATE en 01:35:02
2025-04-02 - Cambio detectado: /home/Vmoon/Laboratorio-2/.ejercicio3.sh.swx CREATE en 01:35:02
2025-04-02 - Cambio detectado: /home/Vmoon/Laboratorio-2/.ejercicio3.sh.swx DELETE en 01:35:02
2025-04-02 - Cambio detectado: /home/Vmoon/Laboratorio-2/.ejercicio3.sh.swp DELETE en 01:35:02
2025-04-02 - Cambio detectado: /home/Vmoon/Laboratorio-2/.ejercicio3.sh.swp CREATE en 01:35:02
2025-04-02 - Cambio detectado: /home/Vmoon/Laboratorio-2/.ejercicio3.sh.swp MODIFY en 01:35:02
2025-04-02 - Cambio detectado: /home/Vmoon/Laboratorio-2/.ejercicio3.sh.swp MODIFY en 01:35:06
2025-04-02 - Cambio detectado: /home/Vmoon/Laboratorio-2/.ejercicio3.sh.swp MODIFY en 01:35:19
2025-04-02 - Cambio detectado: /home/Vmoon/Laboratorio-2/4913 CREATE en 01:35:22
2025-04-02 - Cambio detectado: /home/Vmoon/Laboratorio-2/4913 DELETE en 01:35:22
2025-04-02 - Cambio detectado: /home/Vmoon/Laboratorio-2/ejercicio3.sh CREATE en 01:35:22
2025-04-02 - Cambio detectado: /home/Vmoon/Laboratorio-2/ejercicio3.sh MODIFY en 01:35:22
2025-04-02 - Cambio detectado: /home/Vmoon/Laboratorio-2/.ejercicio3.sh.swp MODIFY en 01:35:22
2025-04-02 - Cambio detectado: /home/Vmoon/Laboratorio-2/ejercicio3.sh~ DELETE en 01:35:22
2025-04-02 - Cambio detectado: /home/Vmoon/Laboratorio-2/.ejercicio3.sh.swp DELETE en 01:35:22
Inicio de monitoreo en /home/Vmoon/Laboratorio-2
2025-04-02 - Cambio detectado: /home/Vmoon/Laboratorio-2/.ejercicio2.sh.swp CREATE en 01:37:10
2025-04-02 - Cambio detectado: /home/Vmoon/Laboratorio-2/.ejercicio2.sh.swx CREATE en 01:37:10
2025-04-02 - Cambio detectado: /home/Vmoon/Laboratorio-2/.ejercicio2.sh.swx DELETE en 01:37:10
2025-04-02 - Cambio detectado: /home/Vmoon/Laboratorio-2/.ejercicio2.sh.swp DELETE en 01:37:10
2025-04-02 - Cambio detectado: /home/Vmoon/Laboratorio-2/.ejercicio2.sh.swp CREATE en 01:37:10
2025-04-02 - Cambio detectado: /home/Vmoon/Laboratorio-2/.ejercicio2.sh.swp MODIFY en 01:37:10
2025-04-02 - Cambio detectado: /home/Vmoon/Laboratorio-2/.ejercicio2.sh.swp MODIFY en 01:37:23
2025-04-02 - Cambio detectado: /home/Vmoon/Laboratorio-2/.ejercicio2.sh.swp MODIFY en 01:37:33
2025-04-02 - Cambio detectado: /home/Vmoon/Laboratorio-2/.ejercicio2.sh.swp MODIFY en 01:37:44
2025-04-02 - Cambio detectado: /home/Vmoon/Laboratorio-2/4913 CREATE en 01:37:47
2025-04-02 - Cambio detectado: /home/Vmoon/Laboratorio-2/4913 DELETE en 01:37:47
2025-04-02 - Cambio detectado: /home/Vmoon/Laboratorio-2/ejercicio2.sh CREATE en 01:37:47
2025-04-02 - Cambio detectado: /home/Vmoon/Laboratorio-2/ejercicio2.sh MODIFY en 01:37:47
2025-04-02 - Cambio detectado: /home/Vmoon/Laboratorio-2/.ejercicio2.sh.swp MODIFY en 01:37:47
2025-04-02 - Cambio detectado: /home/Vmoon/Laboratorio-2/ejercicio2.sh~ DELETE en 01:37:47
2025-04-02 - Cambio detectado: /home/Vmoon/Laboratorio-2/.ejercicio2.sh.swp DELETE en 01:37:47
2025-04-02 - Cambio detectado: /home/Vmoon/Laboratorio-2/Monitorear_firefox.log MODIFY en 01:38:15
2025-04-02 - Cambio detectado: /home/Vmoon/Laboratorio-2/Monitorear_firefox.log MODIFY en 01:38:15
2025-04-02 - Cambio detectado: /home/Vmoon/Laboratorio-2/Monitorear_firefox.log MODIFY en 01:38:16
2025-04-02 - Cambio detectado: /home/Vmoon/Laboratorio-2/Monitorear_firefox.log MODIFY en 01:38:17
2025-04-02 - Cambio detectado: /home/Vmoon/Laboratorio-2/Monitorear_firefox.log MODIFY en 01:38:18
2025-04-02 - Cambio detectado: /home/Vmoon/Laboratorio-2/Monitorear_firefox.log MODIFY en 01:38:19
2025-04-02 - Cambio detectado: /home/Vmoon/Laboratorio-2/Monitorear_firefox.log MODIFY en 01:38:20
2025-04-02 - Cambio detectado: /home/Vmoon/Laboratorio-2/Monitorear_firefox.log MODIFY en 01:38:21
2025-04-02 - Cambio detectado: /home/Vmoon/Laboratorio-2/Monitorear_firefox.log MODIFY en 01:38:22
2025-04-02 - Cambio detectado: /home/Vmoon/Laboratorio-2/Monitorear_firefox.log MODIFY en 01:38:24
2025-04-02 - Cambio detectado: /home/Vmoon/Laboratorio-2/Monitorear_firefox.log MODIFY en 01:38:25
2025-04-02 - Cambio detectado: /home/Vmoon/Laboratorio-2/Monitorear_firefox.log MODIFY en 01:38:26
2025-04-02 - Cambio detectado: /home/Vmoon/Laboratorio-2/Monitorear_firefox.log MODIFY en 01:38:27
2025-04-02 - Cambio detectado: /home/Vmoon/Laboratorio-2/Monitorear_firefox.log MODIFY en 01:38:28
2025-04-02 - Cambio detectado: /home/Vmoon/Laboratorio-2/Monitorear_firefox.log MODIFY en 01:38:29
2025-04-02 - Cambio detectado: /home/Vmoon/Laboratorio-2/Monitorear_firefox.log MODIFY en 01:38:30
2025-04-02 - Cambio detectado: /home/Vmoon/Laboratorio-2/Monitorear_firefox.log MODIFY en 01:38:31
2025-04-02 - Cambio detectado: /home/Vmoon/Laboratorio-2/Monitorear_firefox.log MODIFY en 01:38:32
2025-04-02 - Cambio detectado: /home/Vmoon/Laboratorio-2/Monitorear_firefox.log MODIFY en 01:38:33
2025-04-02 - Cambio detectado: /home/Vmoon/Laboratorio-2/Monitorear_firefox.log MODIFY en 01:38:34
2025-04-02 - Cambio detectado: /home/Vmoon/Laboratorio-2/Monitorear_firefox.log MODIFY en 01:38:38
2025-04-02 - Cambio detectado: /home/Vmoon/Laboratorio-2/Monitorear_firefox.log MODIFY en 01:38:39
2025-04-02 - Cambio detectado: /home/Vmoon/Laboratorio-2/Monitorear_firefox.log MODIFY en 01:38:40
2025-04-02 - Cambio detectado: /home/Vmoon/Laboratorio-2/Monitorear_firefox.log MODIFY en 01:38:41
2025-04-02 - Cambio detectado: /home/Vmoon/Laboratorio-2/Monitorear_firefox.log MODIFY en 01:38:43
2025-04-02 - Cambio detectado: /home/Vmoon/Laboratorio-2/Monitorear_firefox.log MODIFY en 01:38:44
2025-04-02 - Cambio detectado: /home/Vmoon/Laboratorio-2/Monitorear_firefox.log MODIFY en 01:38:47
2025-04-02 - Cambio detectado: /home/Vmoon/Laboratorio-2/Monitorear_firefox.log MODIFY en 01:38:49
2025-04-02 - Cambio detectado: /home/Vmoon/Laboratorio-2/Monitorear_firefox.log MODIFY en 01:38:50
2025-04-02 - Cambio detectado: /home/Vmoon/Laboratorio-2/Monitorear_firefox.log MODIFY en 01:38:53
2025-04-02 - Cambio detectado: /home/Vmoon/Laboratorio-2/Monitorear_firefox.log MODIFY en 01:38:54
2025-04-02 - Cambio detectado: /home/Vmoon/Laboratorio-2/Monitorear_firefox.log MODIFY en 01:38:56
2025-04-02 - Cambio detectado: /home/Vmoon/Laboratorio-2/Monitorear_firefox.log MODIFY en 01:38:57
2025-04-02 - Cambio detectado: /home/Vmoon/Laboratorio-2/Monitorear_firefox.log MODIFY en 01:38:58
2025-04-02 - Cambio detectado: /home/Vmoon/Laboratorio-2/Monitorear_firefox.log MODIFY en 01:38:59
2025-04-02 - Cambio detectado: /home/Vmoon/Laboratorio-2/Monitorear_firefox.log MODIFY en 01:39:01
2025-04-02 - Cambio detectado: /home/Vmoon/Laboratorio-2/Monitorear_firefox.log MODIFY en 01:39:02
2025-04-02 - Cambio detectado: /home/Vmoon/Laboratorio-2/Monitorear_firefox.log MODIFY en 01:39:03
2025-04-02 - Cambio detectado: /home/Vmoon/Laboratorio-2/Monitorear_firefox.log MODIFY en 01:39:04
2025-04-02 - Cambio detectado: /home/Vmoon/Laboratorio-2/Monitorear_firefox.log MODIFY en 01:39:05
2025-04-02 - Cambio detectado: /home/Vmoon/Laboratorio-2/Monitorear_firefox.log MODIFY en 01:39:06
2025-04-02 - Cambio detectado: /home/Vmoon/Laboratorio-2/Monitorear_firefox.log MODIFY en 01:39:07
2025-04-02 - Cambio detectado: /home/Vmoon/Laboratorio-2/Monitorear_firefox.log MODIFY en 01:39:08
2025-04-02 - Cambio detectado: /home/Vmoon/Laboratorio-2/Monitorear_firefox.log MODIFY en 01:39:09
2025-04-02 - Cambio detectado: /home/Vmoon/Laboratorio-2/Monitorear_firefox.log MODIFY en 01:39:10
2025-04-02 - Cambio detectado: /home/Vmoon/Laboratorio-2/Monitorear_firefox.log MODIFY en 01:39:11
2025-04-02 - Cambio detectado: /home/Vmoon/Laboratorio-2/Monitorear_firefox.log MODIFY en 01:39:12
2025-04-02 - Cambio detectado: /home/Vmoon/Laboratorio-2/Monitorear_firefox.log MODIFY en 01:39:13
2025-04-02 - Cambio detectado: /home/Vmoon/Laboratorio-2/Monitorear_firefox.log MODIFY en 01:39:14
2025-04-02 - Cambio detectado: /home/Vmoon/Laboratorio-2/Monitorear_firefox.log MODIFY en 01:39:15
2025-04-02 - Cambio detectado: /home/Vmoon/Laboratorio-2/Monitorear_firefox.log MODIFY en 01:39:16
2025-04-02 - Cambio detectado: /home/Vmoon/Laboratorio-2/Monitorear_firefox.log MODIFY en 01:39:17
2025-04-02 - Cambio detectado: /home/Vmoon/Laboratorio-2/Monitorear_firefox.log MODIFY en 01:39:18
2025-04-02 - Cambio detectado: /home/Vmoon/Laboratorio-2/Monitorear_firefox.log MODIFY en 01:39:19
2025-04-02 - Cambio detectado: /home/Vmoon/Laboratorio-2/Monitorear_firefox.log MODIFY en 01:39:20
2025-04-02 - Cambio detectado: /home/Vmoon/Laboratorio-2/Monitorear_firefox.log MODIFY en 01:39:21
2025-04-02 - Cambio detectado: /home/Vmoon/Laboratorio-2/Monitorear_firefox.log MODIFY en 01:39:22
2025-04-02 - Cambio detectado: /home/Vmoon/Laboratorio-2/Monitorear_firefox.log MODIFY en 01:39:23
2025-04-02 - Cambio detectado: /home/Vmoon/Laboratorio-2/Monitorear_firefox.log MODIFY en 01:39:24
2025-04-02 - Cambio detectado: /home/Vmoon/Laboratorio-2/Monitorear_firefox.log MODIFY en 01:39:26
2025-04-02 - Cambio detectado: /home/Vmoon/Laboratorio-2/Monitorear_firefox.log MODIFY en 01:39:27
2025-04-02 - Cambio detectado: /home/Vmoon/Laboratorio-2/Monitorear_firefox.log MODIFY en 01:39:28
2025-04-02 - Cambio detectado: /home/Vmoon/Laboratorio-2/Monitorear_firefox.log MODIFY en 01:39:29
2025-04-02 - Cambio detectado: /home/Vmoon/Laboratorio-2/Monitorear_firefox.log MODIFY en 01:39:30
2025-04-02 - Cambio detectado: /home/Vmoon/Laboratorio-2/Monitorear_firefox.log MODIFY en 01:39:31
2025-04-02 - Cambio detectado: /home/Vmoon/Laboratorio-2/Monitorear_firefox.log MODIFY en 01:39:32
2025-04-02 - Cambio detectado: /home/Vmoon/Laboratorio-2/Monitorear_firefox.log MODIFY en 01:39:33
2025-04-02 - Cambio detectado: /home/Vmoon/Laboratorio-2/Monitorear_firefox.log MODIFY en 01:39:35
2025-04-02 - Cambio detectado: /home/Vmoon/Laboratorio-2/Monitorear_firefox.log MODIFY en 01:39:45
2025-04-02 - Cambio detectado: /home/Vmoon/Laboratorio-2/Monitorear_firefox.log MODIFY en 01:39:46
2025-04-02 - Cambio detectado: /home/Vmoon/Laboratorio-2/Monitorear_firefox.log MODIFY en 01:39:47
2025-04-02 - Cambio detectado: /home/Vmoon/Laboratorio-2/Monitorear_firefox.log MODIFY en 01:39:48
2025-04-02 - Cambio detectado: /home/Vmoon/Laboratorio-2/Monitorear_firefox.log MODIFY en 01:39:49
2025-04-02 - Cambio detectado: /home/Vmoon/Laboratorio-2/Monitorear_firefox.log MODIFY en 01:39:50
2025-04-02 - Cambio detectado: /home/Vmoon/Laboratorio-2/Monitorear_firefox.log MODIFY en 01:39:51
2025-04-02 - Cambio detectado: /home/Vmoon/Laboratorio-2/Monitorear_firefox.log MODIFY en 01:39:56
2025-04-02 - Cambio detectado: /home/Vmoon/Laboratorio-2/Monitorear_firefox.log MODIFY en 01:39:57
2025-04-02 - Cambio detectado: /home/Vmoon/Laboratorio-2/Monitorear_firefox.log MODIFY en 01:40:00
2025-04-02 - Cambio detectado: /home/Vmoon/Laboratorio-2/Monitorear_firefox.log MODIFY en 01:40:01
2025-04-02 - Cambio detectado: /home/Vmoon/Laboratorio-2/Monitorear_firefox.log MODIFY en 01:40:02
2025-04-02 - Cambio detectado: /home/Vmoon/Laboratorio-2/Monitorear_firefox.log MODIFY en 01:40:03
2025-04-02 - Cambio detectado: /home/Vmoon/Laboratorio-2/Monitorear_firefox.log MODIFY en 01:40:04
2025-04-02 - Cambio detectado: /home/Vmoon/Laboratorio-2/Monitorear_firefox.log MODIFY en 01:40:05
2025-04-02 - Cambio detectado: /home/Vmoon/Laboratorio-2/Monitorear_firefox.log MODIFY en 01:40:06
2025-04-02 - Cambio detectado: /home/Vmoon/Laboratorio-2/Monitorear_firefox.log MODIFY en 01:40:07
2025-04-02 - Cambio detectado: /home/Vmoon/Laboratorio-2/Monitorear_firefox.log MODIFY en 01:40:09
2025-04-02 - Cambio detectado: /home/Vmoon/Laboratorio-2/Monitorear_firefox.log MODIFY en 01:40:10
2025-04-02 - Cambio detectado: /home/Vmoon/Laboratorio-2/Monitorear_firefox.log MODIFY en 01:40:12
2025-04-02 - Cambio detectado: /home/Vmoon/Laboratorio-2/Monitorear_firefox.log MODIFY en 01:40:13
2025-04-02 - Cambio detectado: /home/Vmoon/Laboratorio-2/Monitorear_firefox.log MODIFY en 01:40:14
2025-04-02 - Cambio detectado: /home/Vmoon/Laboratorio-2/Monitorear_firefox.log MODIFY en 01:40:15
2025-04-02 - Cambio detectado: /home/Vmoon/Laboratorio-2/Monitorear_firefox.log MODIFY en 01:40:16
2025-04-02 - Cambio detectado: /home/Vmoon/Laboratorio-2/Monitorear_firefox.log MODIFY en 01:40:17
2025-04-02 - Cambio detectado: /home/Vmoon/Laboratorio-2/Monitorear_firefox.log MODIFY en 01:40:19
2025-04-02 - Cambio detectado: /home/Vmoon/Laboratorio-2/Monitorear_firefox.log MODIFY en 01:40:20
2025-04-02 - Cambio detectado: /home/Vmoon/Laboratorio-2/Monitorear_firefox.log MODIFY en 01:40:21
2025-04-02 - Cambio detectado: /home/Vmoon/Laboratorio-2/Monitorear_firefox.log MODIFY en 01:40:22
2025-04-02 - Cambio detectado: /home/Vmoon/Laboratorio-2/Monitorear_firefox.log MODIFY en 01:40:24
2025-04-02 - Cambio detectado: /home/Vmoon/Laboratorio-2/Monitorear_firefox.log MODIFY en 01:40:25
2025-04-02 - Cambio detectado: /home/Vmoon/Laboratorio-2/Monitorear_firefox.log MODIFY en 01:40:26
2025-04-02 - Cambio detectado: /home/Vmoon/Laboratorio-2/Monitorear_firefox.log MODIFY en 01:40:27
2025-04-02 - Cambio detectado: /home/Vmoon/Laboratorio-2/Monitorear_firefox.log MODIFY en 01:40:28
2025-04-02 - Cambio detectado: /home/Vmoon/Laboratorio-2/Monitorear_firefox.log MODIFY en 01:40:29
2025-04-02 - Cambio detectado: /home/Vmoon/Laboratorio-2/Monitorear_firefox.log MODIFY en 01:40:31
2025-04-02 - Cambio detectado: /home/Vmoon/Laboratorio-2/Monitorear_firefox.log MODIFY en 01:40:32
2025-04-02 - Cambio detectado: /home/Vmoon/Laboratorio-2/Monitorear_firefox.log MODIFY en 01:40:33
2025-04-02 - Cambio detectado: /home/Vmoon/Laboratorio-2/Monitorear_firefox.log MODIFY en 01:40:35
2025-04-02 - Cambio detectado: /home/Vmoon/Laboratorio-2/Monitorear_firefox.log MODIFY en 01:40:37
2025-04-02 - Cambio detectado: /home/Vmoon/Laboratorio-2/Monitorear_firefox.log MODIFY en 01:40:40
2025-04-02 - Cambio detectado: /home/Vmoon/Laboratorio-2/Monitorear_firefox.log MODIFY en 01:40:41
2025-04-02 - Cambio detectado: /home/Vmoon/Laboratorio-2/Monitorear_firefox.log MODIFY en 01:40:43
2025-04-02 - Cambio detectado: /home/Vmoon/Laboratorio-2/Monitorear_firefox.log MODIFY en 01:40:44
2025-04-02 - Cambio detectado: /home/Vmoon/Laboratorio-2/Monitorear_firefox.log MODIFY en 01:40:45
2025-04-02 - Cambio detectado: /home/Vmoon/Laboratorio-2/Monitorear_firefox.log MODIFY en 01:40:47
2025-04-02 - Cambio detectado: /home/Vmoon/Laboratorio-2/Monitorear_firefox.log MODIFY en 01:40:49
2025-04-02 - Cambio detectado: /home/Vmoon/Laboratorio-2/Monitorear_firefox.log MODIFY en 01:40:50
2025-04-02 - Cambio detectado: /home/Vmoon/Laboratorio-2/Monitorear_firefox.log MODIFY en 01:40:52
2025-04-02 - Cambio detectado: /home/Vmoon/Laboratorio-2/Monitorear_firefox.log MODIFY en 01:40:54
2025-04-02 - Cambio detectado: /home/Vmoon/Laboratorio-2/Monitorear_firefox.log MODIFY en 01:40:57
2025-04-02 - Cambio detectado: /home/Vmoon/Laboratorio-2/Monitorear_firefox.log MODIFY en 01:40:59
2025-04-02 - Cambio detectado: /home/Vmoon/Laboratorio-2/Monitorear_firefox.log MODIFY en 01:41:00
2025-04-02 - Cambio detectado: /home/Vmoon/Laboratorio-2/Monitorear_firefox.log MODIFY en 01:41:02
2025-04-02 - Cambio detectado: /home/Vmoon/Laboratorio-2/Monitorear_firefox.log MODIFY en 01:41:03
2025-04-02 - Cambio detectado: /home/Vmoon/Laboratorio-2/Monitorear_firefox.log MODIFY en 01:41:05
2025-04-02 - Cambio detectado: /home/Vmoon/Laboratorio-2/Monitorear_firefox.log MODIFY en 01:41:06
2025-04-02 - Cambio detectado: /home/Vmoon/Laboratorio-2/Monitorear_firefox.log MODIFY en 01:41:08
2025-04-02 - Cambio detectado: /home/Vmoon/Laboratorio-2/Monitorear_firefox.log MODIFY en 01:41:10
2025-04-02 - Cambio detectado: /home/Vmoon/Laboratorio-2/Monitorear_firefox.log MODIFY en 01:41:12
2025-04-02 - Cambio detectado: /home/Vmoon/Laboratorio-2/Monitorear_firefox.log MODIFY en 01:41:15
2025-04-02 - Cambio detectado: /home/Vmoon/Laboratorio-2/Monitorear_firefox.log MODIFY en 01:41:17
2025-04-02 - Cambio detectado: /home/Vmoon/Laboratorio-2/Monitorear_firefox.log MODIFY en 01:41:19
2025-04-02 - Cambio detectado: /home/Vmoon/Laboratorio-2/Monitorear_firefox.log MODIFY en 01:41:21
2025-04-02 - Cambio detectado: /home/Vmoon/Laboratorio-2/Monitorear_firefox.log MODIFY en 01:41:23
2025-04-02 - Cambio detectado: /home/Vmoon/Laboratorio-2/Monitorear_firefox.log MODIFY en 01:41:25
2025-04-02 - Cambio detectado: /home/Vmoon/Laboratorio-2/Monitorear_firefox.log MODIFY en 01:41:27
2025-04-02 - Cambio detectado: /home/Vmoon/Laboratorio-2/Monitorear_firefox.log MODIFY en 01:41:29
2025-04-02 - Cambio detectado: /home/Vmoon/Laboratorio-2/Monitorear_firefox.log MODIFY en 01:41:31
2025-04-02 - Cambio detectado: /home/Vmoon/Laboratorio-2/Monitorear_firefox.log MODIFY en 01:41:32
2025-04-02 - Cambio detectado: /home/Vmoon/Laboratorio-2/Monitorear_firefox.log MODIFY en 01:41:34
2025-04-02 - Cambio detectado: /home/Vmoon/Laboratorio-2/Monitorear_firefox.log MODIFY en 01:41:35
2025-04-02 - Cambio detectado: /home/Vmoon/Laboratorio-2/Monitorear_firefox.log MODIFY en 01:41:37
2025-04-02 - Cambio detectado: /home/Vmoon/Laboratorio-2/Monitorear_firefox.log MODIFY en 01:41:38
2025-04-02 - Cambio detectado: /home/Vmoon/Laboratorio-2/Monitorear_firefox.log MODIFY en 01:41:41
2025-04-02 - Cambio detectado: /home/Vmoon/Laboratorio-2/Monitorear_firefox.log MODIFY en 01:41:42
2025-04-02 - Cambio detectado: /home/Vmoon/Laboratorio-2/Monitorear_firefox.log MODIFY en 01:41:44
2025-04-02 - Cambio detectado: /home/Vmoon/Laboratorio-2/Monitorear_firefox.log MODIFY en 01:41:46
2025-04-02 - Cambio detectado: /home/Vmoon/Laboratorio-2/Monitorear_firefox.log MODIFY en 01:41:49
2025-04-02 - Cambio detectado: /home/Vmoon/Laboratorio-2/Monitorear_firefox.log MODIFY en 01:41:50
2025-04-02 - Cambio detectado: /home/Vmoon/Laboratorio-2/Monitorear_firefox.log MODIFY en 01:41:52
2025-04-02 - Cambio detectado: /home/Vmoon/Laboratorio-2/Monitorear_firefox.log MODIFY en 01:41:54
2025-04-02 - Cambio detectado: /home/Vmoon/Laboratorio-2/Monitorear_firefox.log MODIFY en 01:41:57
2025-04-02 - Cambio detectado: /home/Vmoon/Laboratorio-2/Monitorear_firefox.log MODIFY en 01:41:58
2025-04-02 - Cambio detectado: /home/Vmoon/Laboratorio-2/Monitorear_firefox.log MODIFY en 01:41:59
2025-04-02 - Cambio detectado: /home/Vmoon/Laboratorio-2/Monitorear_firefox.log MODIFY en 01:42:01
2025-04-02 - Cambio detectado: /home/Vmoon/Laboratorio-2/Monitorear_firefox.log MODIFY en 01:42:02
2025-04-02 - Cambio detectado: /home/Vmoon/Laboratorio-2/Monitorear_firefox.log MODIFY en 01:42:04
2025-04-02 - Cambio detectado: /home/Vmoon/Laboratorio-2/Monitorear_firefox.log MODIFY en 01:42:05
2025-04-02 - Cambio detectado: /home/Vmoon/Laboratorio-2/Monitorear_firefox.log MODIFY en 01:42:07
2025-04-02 - Cambio detectado: /home/Vmoon/Laboratorio-2/Monitorear_firefox.log MODIFY en 01:42:08
2025-04-02 - Cambio detectado: /home/Vmoon/Laboratorio-2/Monitorear_firefox.log MODIFY en 01:42:10
2025-04-02 - Cambio detectado: /home/Vmoon/Laboratorio-2/Monitorear_firefox.log MODIFY en 01:42:11
2025-04-02 - Cambio detectado: /home/Vmoon/Laboratorio-2/Monitorear_firefox.log MODIFY en 01:42:12
2025-04-02 - Cambio detectado: /home/Vmoon/Laboratorio-2/Monitorear_firefox.log MODIFY en 01:42:14
2025-04-02 - Cambio detectado: /home/Vmoon/Laboratorio-2/Monitorear_firefox.log MODIFY en 01:42:16
2025-04-02 - Cambio detectado: /home/Vmoon/Laboratorio-2/Monitorear_firefox.log MODIFY en 01:42:17
2025-04-02 - Cambio detectado: /home/Vmoon/Laboratorio-2/Monitorear_firefox.log MODIFY en 01:42:19
2025-04-02 - Cambio detectado: /home/Vmoon/Laboratorio-2/Monitorear_firefox.log MODIFY en 01:42:20
2025-04-02 - Cambio detectado: /home/Vmoon/Laboratorio-2/Monitorear_firefox.log MODIFY en 01:42:22
2025-04-02 - Cambio detectado: /home/Vmoon/Laboratorio-2/Monitorear_firefox.log MODIFY en 01:42:23
2025-04-02 - Cambio detectado: /home/Vmoon/Laboratorio-2/Monitorear_firefox.log MODIFY en 01:42:25
2025-04-02 - Cambio detectado: /home/Vmoon/Laboratorio-2/Monitorear_firefox.log MODIFY en 01:42:26
2025-04-02 - Cambio detectado: /home/Vmoon/Laboratorio-2/Monitorear_firefox.log MODIFY en 01:42:27
2025-04-02 - Cambio detectado: /home/Vmoon/Laboratorio-2/Monitorear_firefox.log MODIFY en 01:42:29
2025-04-02 - Cambio detectado: /home/Vmoon/Laboratorio-2/Monitorear_firefox.log MODIFY en 01:42:30
2025-04-02 - Cambio detectado: /home/Vmoon/Laboratorio-2/Monitorear_firefox.log MODIFY en 01:42:31
2025-04-02 - Cambio detectado: /home/Vmoon/Laboratorio-2/Monitorear_firefox.log MODIFY en 01:42:33
2025-04-02 - Cambio detectado: /home/Vmoon/Laboratorio-2/Monitorear_firefox.log MODIFY en 01:42:36
2025-04-02 - Cambio detectado: /home/Vmoon/Laboratorio-2/Monitorear_firefox.log MODIFY en 01:42:37
2025-04-02 - Cambio detectado: /home/Vmoon/Laboratorio-2/Monitorear_firefox.log MODIFY en 01:42:38
2025-04-02 - Cambio detectado: /home/Vmoon/Laboratorio-2/Monitorear_firefox.log MODIFY en 01:42:39
2025-04-02 - Cambio detectado: /home/Vmoon/Laboratorio-2/Monitorear_firefox.log MODIFY en 01:42:41
2025-04-02 - Cambio detectado: /home/Vmoon/Laboratorio-2/Monitorear_firefox.log MODIFY en 01:42:43
2025-04-02 - Cambio detectado: /home/Vmoon/Laboratorio-2/Monitorear_firefox.log MODIFY en 01:42:45
2025-04-02 - Cambio detectado: /home/Vmoon/Laboratorio-2/Monitorear_firefox.log MODIFY en 01:42:47
2025-04-02 - Cambio detectado: /home/Vmoon/Laboratorio-2/Monitorear_firefox.log MODIFY en 01:42:48
2025-04-02 - Cambio detectado: /home/Vmoon/Laboratorio-2/Monitorear_firefox.log MODIFY en 01:42:51
2025-04-02 - Cambio detectado: /home/Vmoon/Laboratorio-2/Monitorear_firefox.log MODIFY en 01:42:54
2025-04-02 - Cambio detectado: /home/Vmoon/Laboratorio-2/Monitorear_firefox.log MODIFY en 01:42:56
2025-04-02 - Cambio detectado: /home/Vmoon/Laboratorio-2/Monitorear_firefox.log MODIFY en 01:42:57
2025-04-02 - Cambio detectado: /home/Vmoon/Laboratorio-2/Monitorear_firefox.log MODIFY en 01:42:59
2025-04-02 - Cambio detectado: /home/Vmoon/Laboratorio-2/Monitorear_firefox.log MODIFY en 01:43:00
2025-04-02 - Cambio detectado: /home/Vmoon/Laboratorio-2/Monitorear_firefox.log MODIFY en 01:43:02
2025-04-02 - Cambio detectado: /home/Vmoon/Laboratorio-2/Monitorear_firefox.log MODIFY en 01:43:04
2025-04-02 - Cambio detectado: /home/Vmoon/Laboratorio-2/Monitorear_firefox.log MODIFY en 01:43:05
2025-04-02 - Cambio detectado: /home/Vmoon/Laboratorio-2/Monitorear_firefox.log MODIFY en 01:43:06
2025-04-02 - Cambio detectado: /home/Vmoon/Laboratorio-2/Monitorear_firefox.log MODIFY en 01:43:08
2025-04-02 - Cambio detectado: /home/Vmoon/Laboratorio-2/Monitorear_firefox.log MODIFY en 01:43:09
2025-04-02 - Cambio detectado: /home/Vmoon/Laboratorio-2/Monitorear_firefox.log MODIFY en 01:43:11
2025-04-02 - Cambio detectado: /home/Vmoon/Laboratorio-2/Monitorear_firefox.log MODIFY en 01:43:12
2025-04-02 - Cambio detectado: /home/Vmoon/Laboratorio-2/Monitorear_firefox.log MODIFY en 01:43:13
2025-04-02 - Cambio detectado: /home/Vmoon/Laboratorio-2/Monitorear_firefox.log MODIFY en 01:43:15
2025-04-02 - Cambio detectado: /home/Vmoon/Laboratorio-2/Monitorear_firefox.log MODIFY en 01:43:16
2025-04-02 - Cambio detectado: /home/Vmoon/Laboratorio-2/Monitorear_firefox.log MODIFY en 01:43:18
2025-04-02 - Cambio detectado: /home/Vmoon/Laboratorio-2/Monitorear_firefox.log MODIFY en 01:43:20
2025-04-02 - Cambio detectado: /home/Vmoon/Laboratorio-2/Monitorear_firefox.log MODIFY en 01:43:21
2025-04-02 - Cambio detectado: /home/Vmoon/Laboratorio-2/Monitorear_firefox.log MODIFY en 01:43:23
2025-04-02 - Cambio detectado: /home/Vmoon/Laboratorio-2/Monitorear_firefox.log MODIFY en 01:43:26
2025-04-02 - Cambio detectado: /home/Vmoon/Laboratorio-2/Monitorear_firefox.log MODIFY en 01:43:27
2025-04-02 - Cambio detectado: /home/Vmoon/Laboratorio-2/Monitorear_firefox.log MODIFY en 01:43:28
2025-04-02 - Cambio detectado: /home/Vmoon/Laboratorio-2/Monitorear_firefox.log MODIFY en 01:43:30
2025-04-02 - Cambio detectado: /home/Vmoon/Laboratorio-2/Monitorear_firefox.log MODIFY en 01:43:31
2025-04-02 - Cambio detectado: /home/Vmoon/Laboratorio-2/Monitorear_firefox.log MODIFY en 01:43:33
2025-04-02 - Cambio detectado: /home/Vmoon/Laboratorio-2/Monitorear_firefox.log MODIFY en 01:43:34
2025-04-02 - Cambio detectado: /home/Vmoon/Laboratorio-2/Monitorear_firefox.log MODIFY en 01:43:36
2025-04-02 - Cambio detectado: /home/Vmoon/Laboratorio-2/Monitorear_firefox.log MODIFY en 01:43:38
2025-04-02 - Cambio detectado: /home/Vmoon/Laboratorio-2/Monitorear_firefox.log MODIFY en 01:43:39
2025-04-02 - Cambio detectado: /home/Vmoon/Laboratorio-2/Monitorear_firefox.log MODIFY en 01:43:40
2025-04-02 - Cambio detectado: /home/Vmoon/Laboratorio-2/Monitorear_firefox.log MODIFY en 01:43:42
2025-04-02 - Cambio detectado: /home/Vmoon/Laboratorio-2/Monitorear_firefox.log MODIFY en 01:43:43
2025-04-02 - Cambio detectado: /home/Vmoon/Laboratorio-2/Monitorear_firefox.log MODIFY en 01:43:44
2025-04-02 - Cambio detectado: /home/Vmoon/Laboratorio-2/Monitorear_firefox.log MODIFY en 01:43:46
2025-04-02 - Cambio detectado: /home/Vmoon/Laboratorio-2/Monitorear_firefox.log MODIFY en 01:43:47
2025-04-02 - Cambio detectado: /home/Vmoon/Laboratorio-2/Monitorear_firefox.log MODIFY en 01:43:49
2025-04-02 - Cambio detectado: /home/Vmoon/Laboratorio-2/Monitorear_firefox.log MODIFY en 01:43:50
2025-04-02 - Cambio detectado: /home/Vmoon/Laboratorio-2/Monitorear_firefox.log MODIFY en 01:43:51
2025-04-02 - Cambio detectado: /home/Vmoon/Laboratorio-2/Monitorear_firefox.log MODIFY en 01:43:52
2025-04-02 - Cambio detectado: /home/Vmoon/Laboratorio-2/Monitorear_firefox.log MODIFY en 01:43:54
2025-04-02 - Cambio detectado: /home/Vmoon/Laboratorio-2/Monitorear_firefox.log MODIFY en 01:43:55
2025-04-02 - Cambio detectado: /home/Vmoon/Laboratorio-2/Monitorear_firefox.log MODIFY en 01:43:57
2025-04-02 - Cambio detectado: /home/Vmoon/Laboratorio-2/Monitorear_firefox.log MODIFY en 01:43:59
2025-04-02 - Cambio detectado: /home/Vmoon/Laboratorio-2/Monitorear_firefox.log MODIFY en 01:44:00
2025-04-02 - Cambio detectado: /home/Vmoon/Laboratorio-2/Monitorear_firefox.log MODIFY en 01:44:03
Inicio de monitoreo en /home/Vmoon/Laboratorio-2
Inicio de monitoreo en /home/Vmoon/Laboratorio-2
