Tiempo, CPU, Mem
2025-04-02 01:38:15, 0.0  0.0
2025-04-02 01:38:16,23.8  1.4
2025-04-02 01:38:17,35.2  5.7
2025-04-02 01:38:18,50.0  9.9
2025-04-02 01:38:19,50.3 13.0
2025-04-02 01:38:20,68.4 16.4
2025-04-02 01:38:21,69.4 11.9
2025-04-02 01:38:22,64.4 11.5
2025-04-02 01:38:24,58.9 11.1
2025-04-02 01:38:25,54.6 12.6
2025-04-02 01:38:26,56.8 12.0
2025-04-02 01:38:27,53.5 11.9
2025-04-02 01:38:28,50.5 12.3
2025-04-02 01:38:29,47.0 12.3
2025-04-02 01:38:30,44.3 12.4
2025-04-02 01:38:31,41.6 12.2
2025-04-02 01:38:32,39.3 12.3
2025-04-02 01:38:33,37.1 12.2
2025-04-02 01:38:34,35.5 12.2
2025-04-02 01:38:38,29.4 12.2
2025-04-02 01:38:39,28.1 12.2
2025-04-02 01:38:40,27.0 12.2
2025-04-02 01:38:41,26.0 12.2
2025-04-02 01:38:43,24.9 12.2
2025-04-02 01:38:44,24.0 12.2
2025-04-02 01:38:47,21.5 12.2
2025-04-02 01:38:49,21.1 12.3
2025-04-02 01:38:50,20.5 12.4
2025-04-02 01:38:53,19.0 12.3
2025-04-02 01:38:54,18.1 12.3
2025-04-02 01:38:56,17.7 12.3
2025-04-02 01:38:57,17.1 12.3
2025-04-02 01:38:58,16.7 12.3
2025-04-02 01:38:59,16.3 12.3
2025-04-02 01:39:01,15.7 12.3
2025-04-02 01:39:02,15.4 12.3
2025-04-02 01:39:03,15.1 12.3
2025-04-02 01:39:04,14.7 12.3
2025-04-02 01:39:05,14.4 12.3
2025-04-02 01:39:06,14.1 12.3
2025-04-02 01:39:07,13.9 12.3
2025-04-02 01:39:08,13.7 12.1
2025-04-02 01:39:09,13.4 12.1
2025-04-02 01:39:10,13.2 12.1
2025-04-02 01:39:11,12.9 12.1
2025-04-02 01:39:12,12.7 11.7
2025-04-02 01:39:13,12.5  8.6
2025-04-02 01:39:14,12.7  9.3
2025-04-02 01:39:15,12.6  8.8
2025-04-02 01:39:16,12.4  8.9
2025-04-02 01:39:17,12.2  8.9
2025-04-02 01:39:18,12.3  9.9
2025-04-02 01:39:19,12.1 10.0
2025-04-02 01:39:20,11.9  9.9
2025-04-02 01:39:21,11.7  9.9
2025-04-02 01:39:22,11.5  9.9
2025-04-02 01:39:23,11.4  9.9
2025-04-02 01:39:24,11.2  9.9
2025-04-02 01:39:26,11.0  9.9
2025-04-02 01:39:27,10.9  9.9
2025-04-02 01:39:28,10.7  9.9
2025-04-02 01:39:29,10.5  9.6
2025-04-02 01:39:30,10.3  9.6
2025-04-02 01:39:31,10.2  9.6
2025-04-02 01:39:32,10.0  9.6
2025-04-02 01:39:33, 9.9  9.6
2025-04-02 01:39:35, 9.7  9.6
2025-04-02 01:39:45, 8.6  9.7
2025-04-02 01:39:46, 8.6  9.7
2025-04-02 01:39:47, 8.5  9.7
2025-04-02 01:39:48, 8.4  9.7
2025-04-02 01:39:49, 8.3  9.7
2025-04-02 01:39:50, 8.2  9.7
2025-04-02 01:39:51, 8.1  9.7
2025-04-02 01:39:56, 7.7  9.7
2025-04-02 01:39:57, 7.6  9.7
2025-04-02 01:40:00, 7.5  9.6
2025-04-02 01:40:01, 7.5 10.1
2025-04-02 01:40:02, 7.7 10.9
2025-04-02 01:40:03, 8.1 10.3
2025-04-02 01:40:04, 8.4  9.0
2025-04-02 01:40:05, 8.7  9.7
2025-04-02 01:40:06, 8.9 10.3
2025-04-02 01:40:07, 9.1  8.0
2025-04-02 01:40:09, 9.2  8.0
2025-04-02 01:40:10, 9.2  7.9
2025-04-02 01:40:12, 9.3  7.9
2025-04-02 01:40:13, 9.3  7.9
2025-04-02 01:40:14, 9.3  7.9
2025-04-02 01:40:15, 9.3  7.7
2025-04-02 01:40:16, 9.4  7.9
2025-04-02 01:40:17, 9.5  7.8
2025-04-02 01:40:19, 9.5  7.7
2025-04-02 01:40:20, 9.5  7.7
2025-04-02 01:40:21, 9.5  7.7
2025-04-02 01:40:22, 9.5  7.9
2025-04-02 01:40:24, 9.6  7.7
2025-04-02 01:40:25, 9.7  7.9
2025-04-02 01:40:26, 9.8  7.9
2025-04-02 01:40:27, 9.9  7.7
2025-04-02 01:40:28,10.0  7.8
2025-04-02 01:40:29,10.0  7.9
2025-04-02 01:40:31,10.0  7.9
2025-04-02 01:40:32, 9.9  7.8
2025-04-02 01:40:33, 9.9  7.8
2025-04-02 01:40:35,10.0  7.8
2025-04-02 01:40:37,10.1  7.8
2025-04-02 01:40:40,10.1  7.8
2025-04-02 01:40:41,10.1  7.8
2025-04-02 01:40:43,10.2  7.8
2025-04-02 01:40:44,10.2  7.8
2025-04-02 01:40:45,10.2  7.8
2025-04-02 01:40:47,10.1  7.8
2025-04-02 01:40:49,10.1  7.8
2025-04-02 01:40:50,10.1  7.8
2025-04-02 01:40:52,10.1  7.8
2025-04-02 01:40:54,10.1  7.8
2025-04-02 01:40:57,10.2  7.8
2025-04-02 01:40:59,10.1  7.8
2025-04-02 01:41:00,10.1  7.8
2025-04-02 01:41:02,10.0  7.8
2025-04-02 01:41:03,10.0  7.9
2025-04-02 01:41:05,10.0  7.8
2025-04-02 01:41:06, 9.9  7.8
2025-04-02 01:41:08, 9.9  7.8
2025-04-02 01:41:10, 9.9  7.8
2025-04-02 01:41:12, 9.9  7.8
2025-04-02 01:41:14,10.0  7.8
2025-04-02 01:41:17,10.0  7.8
2025-04-02 01:41:19,10.0  7.8
2025-04-02 01:41:21,10.0  7.8
2025-04-02 01:41:23,10.1  7.8
2025-04-02 01:41:25,10.1  7.8
2025-04-02 01:41:27,10.1  7.8
2025-04-02 01:41:29,10.1  7.8
2025-04-02 01:41:31,10.1  7.8
2025-04-02 01:41:32,10.1  7.8
2025-04-02 01:41:33,10.2  7.8
2025-04-02 01:41:35,10.2  7.8
2025-04-02 01:41:37,10.2  7.8
2025-04-02 01:41:38,10.3  7.8
2025-04-02 01:41:41,10.3  7.8
2025-04-02 01:41:42,10.3  7.8
2025-04-02 01:41:44,10.4  7.8
2025-04-02 01:41:46,10.4  7.8
2025-04-02 01:41:49,10.4  7.8
2025-04-02 01:41:50,10.4  7.8
2025-04-02 01:41:52,10.4  7.8
2025-04-02 01:41:54,10.5  7.8
2025-04-02 01:41:57,10.5  7.8
2025-04-02 01:41:58,10.5  7.8
2025-04-02 01:41:59,10.5  7.8
2025-04-02 01:42:01,10.5  7.8
2025-04-02 01:42:02,10.5  7.8
2025-04-02 01:42:04,10.5  7.8
2025-04-02 01:42:05,10.5  7.8
2025-04-02 01:42:07,10.5  7.8
2025-04-02 01:42:08,10.5  7.8
2025-04-02 01:42:10,10.5  7.8
2025-04-02 01:42:11,10.5  7.8
2025-04-02 01:42:12,10.6  7.8
2025-04-02 01:42:14,10.6  7.8
2025-04-02 01:42:16,10.6  7.8
2025-04-02 01:42:17,10.6  7.8
2025-04-02 01:42:19,10.6  7.8
2025-04-02 01:42:20,10.6  7.8
2025-04-02 01:42:22,10.6  7.8
2025-04-02 01:42:23,10.6  7.8
2025-04-02 01:42:25,10.7  7.8
2025-04-02 01:42:26,10.7  7.8
2025-04-02 01:42:27,10.7  7.8
2025-04-02 01:42:29,10.7  7.8
2025-04-02 01:42:30,10.7  7.8
2025-04-02 01:42:31,10.6  7.8
2025-04-02 01:42:33,10.6  7.8
2025-04-02 01:42:36,10.6  7.8
2025-04-02 01:42:37,10.6  7.8
2025-04-02 01:42:38,10.6  7.8
2025-04-02 01:42:39,10.6  7.8
2025-04-02 01:42:41,10.7  7.8
2025-04-02 01:42:43,10.7  7.8
2025-04-02 01:42:45,10.8  7.8
2025-04-02 01:42:47,10.9  7.8
2025-04-02 01:42:48,11.0  7.8
2025-04-02 01:42:51,11.0  7.8
2025-04-02 01:42:54,11.2  7.8
2025-04-02 01:42:56,11.2  7.8
2025-04-02 01:42:57,11.2  7.8
2025-04-02 01:42:59,11.2  7.8
2025-04-02 01:43:00,11.3  7.8
2025-04-02 01:43:02,11.4  7.8
2025-04-02 01:43:04,11.4  7.8
2025-04-02 01:43:05,11.4  7.8
2025-04-02 01:43:06,11.5  7.8
2025-04-02 01:43:08,11.5  7.8
2025-04-02 01:43:09,11.5  7.8
2025-04-02 01:43:11,11.6  7.8
2025-04-02 01:43:12,11.6  7.8
2025-04-02 01:43:13,11.6  7.8
2025-04-02 01:43:15,11.6  7.7
2025-04-02 01:43:16,11.7  7.8
2025-04-02 01:43:18,11.7  7.8
2025-04-02 01:43:20,11.7  7.8
2025-04-02 01:43:21,11.7  7.8
2025-04-02 01:43:23,11.6  7.8
2025-04-02 01:43:26,11.6  7.8
2025-04-02 01:43:27,11.6  7.8
2025-04-02 01:43:28,11.6  7.8
2025-04-02 01:43:30,11.5  7.8
2025-04-02 01:43:31,11.5  7.8
2025-04-02 01:43:33,11.5  7.8
2025-04-02 01:43:34,11.4  7.8
2025-04-02 01:43:36,11.4  7.8
2025-04-02 01:43:38,11.4  7.8
2025-04-02 01:43:39,11.4  7.8
2025-04-02 01:43:40,11.3  7.8
2025-04-02 01:43:42,11.3  7.8
2025-04-02 01:43:43,11.3  7.8
2025-04-02 01:43:44,11.2  7.8
2025-04-02 01:43:46,11.2  7.8
2025-04-02 01:43:47,11.2  7.8
2025-04-02 01:43:49,11.2  7.8
2025-04-02 01:43:50,11.1  7.8
2025-04-02 01:43:51,11.1  7.8
2025-04-02 01:43:52,11.1  7.8
2025-04-02 01:43:54,11.1  7.8
2025-04-02 01:43:55,11.1  7.8
2025-04-02 01:43:57,11.1  7.8
2025-04-02 01:43:59,11.1  7.8
2025-04-02 01:44:00,11.0  7.8
2025-04-02 01:44:03,11.0  7.8
